{"/Users/ulrikwithandersen/PMT/frontend/src/components/FilterBar.jsx": {"path":"/Users/ulrikwithandersen/PMT/frontend/src/components/FilterBar.jsx","statementMap":{"0":{"start":{"line":5,"column":27},"end":{"line":5,"column":null}},"1":{"start":{"line":6,"column":36},"end":{"line":6,"column":null}},"2":{"start":{"line":7,"column":8},"end":{"line":7,"column":null}},"3":{"start":{"line":10,"column":8},"end":{"line":22,"column":null}},"4":{"start":{"line":11,"column":4},"end":{"line":11,"column":null}},"5":{"start":{"line":14,"column":4},"end":{"line":16,"column":null}},"6":{"start":{"line":15,"column":6},"end":{"line":15,"column":null}},"7":{"start":{"line":19,"column":4},"end":{"line":21,"column":null}},"8":{"start":{"line":20,"column":6},"end":{"line":20,"column":null}},"9":{"start":{"line":25,"column":2},"end":{"line":29,"column":null}},"10":{"start":{"line":26,"column":4},"end":{"line":28,"column":null}},"11":{"start":{"line":27,"column":6},"end":{"line":27,"column":null}},"12":{"start":{"line":32,"column":2},"end":{"line":38,"column":null}},"13":{"start":{"line":33,"column":4},"end":{"line":37,"column":null}},"14":{"start":{"line":34,"column":6},"end":{"line":36,"column":null}},"15":{"start":{"line":35,"column":8},"end":{"line":35,"column":null}},"16":{"start":{"line":40,"column":2},"end":{"line":135,"column":null}},"17":{"start":{"line":50,"column":29},"end":{"line":50,"column":null}},"18":{"start":{"line":60,"column":29},"end":{"line":60,"column":null}},"19":{"start":{"line":103,"column":29},"end":{"line":103,"column":null}},"20":{"start":{"line":114,"column":29},"end":{"line":114,"column":null}},"21":{"start":{"line":126,"column":29},"end":{"line":126,"column":null}}},"fnMap":{"0":{"name":"FilterBar","decl":{"start":{"line":4,"column":24},"end":{"line":4,"column":34}},"loc":{"start":{"line":4,"column":63},"end":{"line":137,"column":null}},"line":4},"1":{"name":"(anonymous_1)","decl":{"start":{"line":10,"column":41},"end":{"line":10,"column":42}},"loc":{"start":{"line":10,"column":52},"end":{"line":22,"column":5}},"line":10},"2":{"name":"(anonymous_2)","decl":{"start":{"line":19,"column":42},"end":{"line":19,"column":48}},"loc":{"start":{"line":19,"column":48},"end":{"line":21,"column":7}},"line":19},"3":{"name":"(anonymous_3)","decl":{"start":{"line":25,"column":12},"end":{"line":25,"column":18}},"loc":{"start":{"line":25,"column":18},"end":{"line":29,"column":5}},"line":25},"4":{"name":"(anonymous_4)","decl":{"start":{"line":32,"column":12},"end":{"line":32,"column":18}},"loc":{"start":{"line":32,"column":18},"end":{"line":38,"column":5}},"line":32},"5":{"name":"(anonymous_5)","decl":{"start":{"line":33,"column":11},"end":{"line":33,"column":17}},"loc":{"start":{"line":33,"column":17},"end":{"line":37,"column":null}},"line":33},"6":{"name":"(anonymous_6)","decl":{"start":{"line":50,"column":22},"end":{"line":50,"column":23}},"loc":{"start":{"line":50,"column":29},"end":{"line":50,"column":null}},"line":50},"7":{"name":"(anonymous_7)","decl":{"start":{"line":60,"column":22},"end":{"line":60,"column":23}},"loc":{"start":{"line":60,"column":29},"end":{"line":60,"column":null}},"line":60},"8":{"name":"(anonymous_8)","decl":{"start":{"line":103,"column":22},"end":{"line":103,"column":23}},"loc":{"start":{"line":103,"column":29},"end":{"line":103,"column":null}},"line":103},"9":{"name":"(anonymous_9)","decl":{"start":{"line":114,"column":22},"end":{"line":114,"column":23}},"loc":{"start":{"line":114,"column":29},"end":{"line":114,"column":null}},"line":114},"10":{"name":"(anonymous_10)","decl":{"start":{"line":126,"column":23},"end":{"line":126,"column":29}},"loc":{"start":{"line":126,"column":29},"end":{"line":126,"column":null}},"line":126}},"branchMap":{"0":{"loc":{"start":{"line":5,"column":27},"end":{"line":5,"column":null}},"type":"binary-expr","locations":[{"start":{"line":5,"column":27},"end":{"line":5,"column":48}},{"start":{"line":5,"column":48},"end":{"line":5,"column":66}},{"start":{"line":5,"column":66},"end":{"line":5,"column":84}},{"start":{"line":5,"column":84},"end":{"line":5,"column":null}}],"line":5},"1":{"loc":{"start":{"line":6,"column":49},"end":{"line":6,"column":69}},"type":"binary-expr","locations":[{"start":{"line":6,"column":49},"end":{"line":6,"column":67}},{"start":{"line":6,"column":67},"end":{"line":6,"column":69}}],"line":6},"2":{"loc":{"start":{"line":14,"column":4},"end":{"line":16,"column":null}},"type":"if","locations":[{"start":{"line":14,"column":4},"end":{"line":16,"column":null}},{"start":{},"end":{}}],"line":14},"3":{"loc":{"start":{"line":26,"column":4},"end":{"line":28,"column":null}},"type":"if","locations":[{"start":{"line":26,"column":4},"end":{"line":28,"column":null}},{"start":{},"end":{}}],"line":26},"4":{"loc":{"start":{"line":27,"column":21},"end":{"line":27,"column":41}},"type":"binary-expr","locations":[{"start":{"line":27,"column":21},"end":{"line":27,"column":39}},{"start":{"line":27,"column":39},"end":{"line":27,"column":41}}],"line":27},"5":{"loc":{"start":{"line":34,"column":6},"end":{"line":36,"column":null}},"type":"if","locations":[{"start":{"line":34,"column":6},"end":{"line":36,"column":null}},{"start":{},"end":{}}],"line":34},"6":{"loc":{"start":{"line":59,"column":19},"end":{"line":59,"column":null}},"type":"binary-expr","locations":[{"start":{"line":59,"column":19},"end":{"line":59,"column":40}},{"start":{"line":59,"column":40},"end":{"line":59,"column":null}}],"line":59},"7":{"loc":{"start":{"line":102,"column":19},"end":{"line":102,"column":null}},"type":"binary-expr","locations":[{"start":{"line":102,"column":19},"end":{"line":102,"column":37}},{"start":{"line":102,"column":37},"end":{"line":102,"column":null}}],"line":102},"8":{"loc":{"start":{"line":113,"column":19},"end":{"line":113,"column":null}},"type":"binary-expr","locations":[{"start":{"line":113,"column":19},"end":{"line":113,"column":37}},{"start":{"line":113,"column":37},"end":{"line":113,"column":null}}],"line":113},"9":{"loc":{"start":{"line":124,"column":12},"end":{"line":131,"column":null}},"type":"binary-expr","locations":[{"start":{"line":124,"column":12},"end":{"line":124,"column":null}},{"start":{"line":125,"column":12},"end":{"line":131,"column":null}}],"line":124}},"s":{"0":27,"1":27,"2":27,"3":27,"4":17,"5":17,"6":13,"7":17,"8":3,"9":27,"10":9,"11":1,"12":27,"13":8,"14":8,"15":4,"16":27,"17":17,"18":0,"19":0,"20":0,"21":0},"f":{"0":27,"1":17,"2":3,"3":9,"4":8,"5":8,"6":17,"7":0,"8":0,"9":0,"10":0},"b":{"0":[27,27,27,27],"1":[27,22],"2":[13,4],"3":[1,8],"4":[1,0],"5":[4,4],"6":[27,27],"7":[27,27],"8":[27,27],"9":[27,5]},"meta":{"lastBranch":10,"lastFunction":11,"lastStatement":22,"seen":{"f:4:24:4:34":0,"s:5:27:5:Infinity":0,"b:5:27:5:48:5:48:5:66:5:66:5:84:5:84:5:Infinity":0,"s:6:36:6:Infinity":1,"b:6:49:6:67:6:67:6:69":1,"s:7:8:7:Infinity":2,"s:10:8:22:Infinity":3,"f:10:41:10:42":1,"s:11:4:11:Infinity":4,"b:14:4:16:Infinity:undefined:undefined:undefined:undefined":2,"s:14:4:16:Infinity":5,"s:15:6:15:Infinity":6,"s:19:4:21:Infinity":7,"f:19:42:19:48":2,"s:20:6:20:Infinity":8,"s:25:2:29:Infinity":9,"f:25:12:25:18":3,"b:26:4:28:Infinity:undefined:undefined:undefined:undefined":3,"s:26:4:28:Infinity":10,"s:27:6:27:Infinity":11,"b:27:21:27:39:27:39:27:41":4,"s:32:2:38:Infinity":12,"f:32:12:32:18":4,"s:33:4:37:Infinity":13,"f:33:11:33:17":5,"b:34:6:36:Infinity:undefined:undefined:undefined:undefined":5,"s:34:6:36:Infinity":14,"s:35:8:35:Infinity":15,"s:40:2:135:Infinity":16,"f:50:22:50:23":6,"s:50:29:50:Infinity":17,"b:59:19:59:40:59:40:59:Infinity":6,"f:60:22:60:23":7,"s:60:29:60:Infinity":18,"b:102:19:102:37:102:37:102:Infinity":7,"f:103:22:103:23":8,"s:103:29:103:Infinity":19,"b:113:19:113:37:113:37:113:Infinity":8,"f:114:22:114:23":9,"s:114:29:114:Infinity":20,"b:124:12:124:Infinity:125:12:131:Infinity":9,"f:126:23:126:29":10,"s:126:29:126:Infinity":21}}}
,"/Users/ulrikwithandersen/PMT/frontend/src/utils/colors.js": {"path":"/Users/ulrikwithandersen/PMT/frontend/src/utils/colors.js","statementMap":{"0":{"start":{"line":6,"column":22},"end":{"line":70,"column":1}},"1":{"start":{"line":79,"column":19},"end":{"line":79,"column":62}},"2":{"start":{"line":80,"column":2},"end":{"line":80,"column":null}},"3":{"start":{"line":90,"column":2},"end":{"line":92,"column":null}},"4":{"start":{"line":91,"column":4},"end":{"line":91,"column":null}},"5":{"start":{"line":93,"column":2},"end":{"line":93,"column":null}},"6":{"start":{"line":102,"column":2},"end":{"line":102,"column":null}},"7":{"start":{"line":102,"column":14},"end":{"line":102,"column":null}},"8":{"start":{"line":103,"column":2},"end":{"line":103,"column":null}},"9":{"start":{"line":112,"column":2},"end":{"line":116,"column":null}}},"fnMap":{"0":{"name":"getColorClass","decl":{"start":{"line":78,"column":16},"end":{"line":78,"column":29}},"loc":{"start":{"line":78,"column":53},"end":{"line":81,"column":null}},"line":78},"1":{"name":"getDimensionClasses","decl":{"start":{"line":89,"column":16},"end":{"line":89,"column":35}},"loc":{"start":{"line":89,"column":61},"end":{"line":94,"column":null}},"line":89},"2":{"name":"getBreadcrumbClasses","decl":{"start":{"line":101,"column":16},"end":{"line":101,"column":36}},"loc":{"start":{"line":101,"column":44},"end":{"line":104,"column":null}},"line":101},"3":{"name":"getStepClasses","decl":{"start":{"line":111,"column":16},"end":{"line":111,"column":30}},"loc":{"start":{"line":111,"column":38},"end":{"line":117,"column":null}},"line":111}},"branchMap":{"0":{"loc":{"start":{"line":78,"column":37},"end":{"line":78,"column":51}},"type":"default-arg","locations":[{"start":{"line":78,"column":47},"end":{"line":78,"column":51}}],"line":78},"1":{"loc":{"start":{"line":79,"column":19},"end":{"line":79,"column":62}},"type":"binary-expr","locations":[{"start":{"line":79,"column":19},"end":{"line":79,"column":39}},{"start":{"line":79,"column":43},"end":{"line":79,"column":62}}],"line":79},"2":{"loc":{"start":{"line":80,"column":9},"end":{"line":80,"column":41}},"type":"binary-expr","locations":[{"start":{"line":80,"column":9},"end":{"line":80,"column":26}},{"start":{"line":80,"column":30},"end":{"line":80,"column":41}}],"line":80},"3":{"loc":{"start":{"line":89,"column":43},"end":{"line":89,"column":59}},"type":"default-arg","locations":[{"start":{"line":89,"column":54},"end":{"line":89,"column":59}}],"line":89},"4":{"loc":{"start":{"line":90,"column":2},"end":{"line":92,"column":null}},"type":"if","locations":[{"start":{"line":90,"column":2},"end":{"line":92,"column":null}},{"start":{},"end":{}}],"line":90},"5":{"loc":{"start":{"line":102,"column":2},"end":{"line":102,"column":null}},"type":"if","locations":[{"start":{"line":102,"column":2},"end":{"line":102,"column":null}},{"start":{},"end":{}}],"line":102}},"s":{"0":1,"1":135,"2":135,"3":11,"4":9,"5":2,"6":10,"7":3,"8":7,"9":11},"f":{"0":135,"1":11,"2":10,"3":11},"b":{"0":[135],"1":[135,4],"2":[135,1],"3":[11],"4":[9,2],"5":[3,7]},"meta":{"lastBranch":6,"lastFunction":4,"lastStatement":10,"seen":{"s:6:22:70:1":0,"f:78:16:78:29":0,"b:78:47:78:51":0,"s:79:19:79:62":1,"b:79:19:79:39:79:43:79:62":1,"s:80:2:80:Infinity":2,"b:80:9:80:26:80:30:80:41":2,"f:89:16:89:35":1,"b:89:54:89:59":3,"b:90:2:92:Infinity:undefined:undefined:undefined:undefined":4,"s:90:2:92:Infinity":3,"s:91:4:91:Infinity":4,"s:93:2:93:Infinity":5,"f:101:16:101:36":2,"b:102:2:102:Infinity:undefined:undefined:undefined:undefined":5,"s:102:2:102:Infinity":6,"s:102:14:102:Infinity":7,"s:103:2:103:Infinity":8,"f:111:16:111:30":3,"s:112:2:116:Infinity":9}}}
}
