TN:
SF:services/authStorage.js
FN:8,(anonymous_0)
FN:13,(anonymous_1)
FN:23,(anonymous_2)
FN:43,(anonymous_3)
FN:50,(anonymous_4)
FN:60,(anonymous_5)
FN:88,(anonymous_6)
FNF:7
FNH:0
FNDA:0,(anonymous_0)
FNDA:0,(anonymous_1)
FNDA:0,(anonymous_2)
FNDA:0,(anonymous_3)
FNDA:0,(anonymous_4)
FNDA:0,(anonymous_5)
FNDA:0,(anonymous_6)
DA:5,0
DA:9,0
DA:14,0
DA:16,0
DA:19,0
DA:20,0
DA:22,0
DA:23,0
DA:24,0
DA:25,0
DA:26,0
DA:31,0
DA:32,0
DA:34,0
DA:35,0
DA:36,0
DA:39,0
DA:44,0
DA:46,0
DA:47,0
DA:49,0
DA:50,0
DA:51,0
DA:53,0
DA:56,0
DA:61,0
DA:63,0
DA:71,0
DA:73,0
DA:74,0
DA:82,0
DA:83,0
DA:85,0
DA:89,0
DA:90,0
DA:91,0
DA:92,0
DA:93,0
DA:94,0
DA:95,0
DA:102,0
DA:104,0
LF:42
LH:0
BRDA:14,0,0,0
BRDA:14,0,1,0
BRDA:22,1,0,0
BRDA:22,1,1,0
BRDA:24,2,0,0
BRDA:24,2,1,0
BRDA:34,3,0,0
BRDA:34,3,1,0
BRDA:49,4,0,0
BRDA:49,4,1,0
BRDA:51,5,0,0
BRDA:51,5,1,0
BRDA:60,6,0,0
BRDA:60,7,0,0
BRDA:82,8,0,0
BRDA:82,8,1,0
BRDA:91,9,0,0
BRDA:91,9,1,0
BRDA:91,10,0,0
BRDA:91,10,1,0
BRF:20
BRH:0
end_of_record
TN:
SF:services/bluecc/comments.js
FN:4,(anonymous_0)
FN:36,(anonymous_1)
FN:63,(anonymous_2)
FNF:3
FNH:0
FNDA:0,(anonymous_0)
FNDA:0,(anonymous_1)
FNDA:0,(anonymous_2)
DA:5,0
DA:6,0
DA:17,0
DA:24,0
DA:26,0
DA:27,0
DA:30,0
DA:32,0
DA:37,0
DA:38,0
DA:49,0
DA:53,0
DA:54,0
DA:57,0
DA:59,0
DA:64,0
DA:65,0
DA:71,0
DA:72,0
DA:74,0
LF:20
LH:0
BRDA:4,0,0,0
BRDA:21,1,0,0
BRDA:21,1,1,0
BRDA:26,2,0,0
BRDA:26,2,1,0
BRDA:53,3,0,0
BRDA:53,3,1,0
BRDA:57,4,0,0
BRDA:57,4,1,0
BRF:9
BRH:0
end_of_record
TN:
SF:services/bluecc/core.js
FN:9,(anonymous_0)
FN:24,(anonymous_1)
FN:44,(anonymous_2)
FN:70,(anonymous_3)
FN:83,(anonymous_4)
FN:110,(anonymous_5)
FN:138,(anonymous_6)
FN:167,(anonymous_7)
FN:176,(anonymous_8)
FNF:9
FNH:0
FNDA:0,(anonymous_0)
FNDA:0,(anonymous_1)
FNDA:0,(anonymous_2)
FNDA:0,(anonymous_3)
FNDA:0,(anonymous_4)
FNDA:0,(anonymous_5)
FNDA:0,(anonymous_6)
FNDA:0,(anonymous_7)
FNDA:0,(anonymous_8)
DA:4,0
DA:6,0
DA:10,0
DA:17,0
DA:18,0
DA:19,0
DA:20,0
DA:21,0
DA:25,0
DA:26,0
DA:27,0
DA:29,0
DA:30,0
DA:33,0
DA:34,0
DA:36,0
DA:37,0
DA:38,0
DA:40,0
DA:45,0
DA:46,0
DA:47,0
DA:49,0
DA:59,0
DA:60,0
DA:61,0
DA:62,0
DA:63,0
DA:65,0
DA:66,0
DA:71,0
DA:72,0
DA:73,0
DA:74,0
DA:75,0
DA:76,0
DA:78,0
DA:79,0
DA:84,0
DA:86,0
DA:100,0
DA:101,0
DA:102,0
DA:103,0
DA:104,0
DA:105,0
DA:107,0
DA:111,0
DA:113,0
DA:114,0
DA:115,0
DA:118,0
DA:128,0
DA:129,0
DA:130,0
DA:131,0
DA:132,0
DA:133,0
DA:135,0
DA:139,0
DA:141,0
DA:142,0
DA:143,0
DA:146,0
DA:148,0
DA:157,0
DA:158,0
DA:159,0
DA:160,0
DA:161,0
DA:164,0
DA:168,0
DA:169,0
DA:170,0
DA:172,0
DA:177,0
DA:178,0
DA:179,0
LF:78
LH:0
BRDA:24,0,0,0
BRDA:24,1,0,0
BRDA:26,2,0,0
BRDA:26,2,1,0
BRDA:26,3,0,0
BRDA:26,3,1,0
BRDA:29,4,0,0
BRDA:29,4,1,0
BRDA:29,5,0,0
BRDA:29,5,1,0
BRDA:37,6,0,0
BRDA:37,6,1,0
BRDA:46,7,0,0
BRDA:46,7,1,0
BRDA:47,8,0,0
BRDA:47,8,1,0
BRDA:60,9,0,0
BRDA:60,9,1,0
BRDA:84,10,0,0
BRDA:84,10,1,0
BRDA:101,11,0,0
BRDA:101,11,1,0
BRDA:101,12,0,0
BRDA:101,12,1,0
BRDA:111,13,0,0
BRDA:111,13,1,0
BRDA:113,14,0,0
BRDA:113,14,1,0
BRDA:129,15,0,0
BRDA:129,15,1,0
BRDA:129,16,0,0
BRDA:129,16,1,0
BRDA:139,17,0,0
BRDA:139,17,1,0
BRDA:141,18,0,0
BRDA:141,18,1,0
BRDA:158,19,0,0
BRDA:158,19,1,0
BRDA:158,20,0,0
BRDA:158,20,1,0
BRDA:177,21,0,0
BRDA:177,21,1,0
BRDA:178,22,0,0
BRDA:178,22,1,0
BRF:44
BRH:0
end_of_record
TN:
SF:services/bluecc/customFields.js
FN:4,(anonymous_0)
FN:9,(anonymous_1)
FN:17,(anonymous_2)
FN:23,(anonymous_3)
FN:42,(anonymous_4)
FN:52,(anonymous_5)
FN:86,(anonymous_6)
FNF:7
FNH:0
FNDA:0,(anonymous_0)
FNDA:0,(anonymous_1)
FNDA:0,(anonymous_2)
FNDA:0,(anonymous_3)
FNDA:0,(anonymous_4)
FNDA:0,(anonymous_5)
FNDA:0,(anonymous_6)
DA:5,0
DA:6,0
DA:10,0
DA:11,0
DA:13,0
DA:14,0
DA:18,0
DA:19,0
DA:20,0
DA:25,0
DA:28,0
DA:39,0
DA:41,0
DA:42,0
DA:43,0
DA:48,0
DA:49,0
DA:53,0
DA:55,0
DA:56,0
DA:58,0
DA:68,0
DA:74,0
DA:76,0
DA:77,0
DA:78,0
DA:80,0
DA:87,0
DA:88,0
DA:89,0
DA:90,0
DA:94,0
DA:96,0
DA:104,0
DA:110,0
LF:35
LH:0
BRDA:10,0,0,0
BRDA:10,0,1,0
BRDA:18,1,0,0
BRDA:18,1,1,0
BRDA:41,2,0,0
BRDA:41,2,1,0
BRDA:41,3,0,0
BRDA:41,3,1,0
BRDA:53,4,0,0
BRDA:53,4,1,0
BRDA:76,5,0,0
BRDA:76,5,1,0
BRDA:88,6,0,0
BRDA:88,6,1,0
BRDA:94,7,0,0
BRDA:94,7,1,0
BRF:16
BRH:0
end_of_record
TN:
SF:services/bluecc/launch.js
FN:4,(anonymous_0)
FN:10,(anonymous_1)
FN:39,(anonymous_2)
FN:47,(anonymous_3)
FN:55,(anonymous_4)
FN:66,(anonymous_5)
FN:72,(anonymous_6)
FN:75,(anonymous_7)
FN:77,(anonymous_8)
FN:78,(anonymous_9)
FN:80,(anonymous_10)
FNF:11
FNH:0
FNDA:0,(anonymous_0)
FNDA:0,(anonymous_1)
FNDA:0,(anonymous_2)
FNDA:0,(anonymous_3)
FNDA:0,(anonymous_4)
FNDA:0,(anonymous_5)
FNDA:0,(anonymous_6)
FNDA:0,(anonymous_7)
FNDA:0,(anonymous_8)
FNDA:0,(anonymous_9)
FNDA:0,(anonymous_10)
DA:5,0
DA:7,0
DA:8,0
DA:10,0
DA:11,0
DA:15,0
DA:16,0
DA:17,0
DA:20,0
DA:23,0
DA:24,0
DA:26,0
DA:35,0
DA:40,0
DA:41,0
DA:42,0
DA:43,0
DA:46,0
DA:47,0
DA:49,0
DA:51,0
DA:56,0
DA:57,0
DA:58,0
DA:61,0
DA:62,0
DA:63,0
DA:66,0
DA:67,0
DA:69,0
DA:73,0
DA:74,0
DA:75,0
DA:77,0
DA:78,0
DA:79,0
DA:80,0
DA:84,0
DA:122,0
LF:39
LH:0
BRDA:8,0,0,0
BRDA:8,0,1,0
BRDA:11,1,0,0
BRDA:11,1,1,0
BRDA:15,2,0,0
BRDA:15,2,1,0
BRDA:16,3,0,0
BRDA:16,3,1,0
BRDA:24,4,0,0
BRDA:24,4,1,0
BRDA:42,5,0,0
BRDA:42,5,1,0
BRDA:47,6,0,0
BRDA:47,6,1,0
BRDA:57,7,0,0
BRDA:57,7,1,0
BRDA:62,8,0,0
BRDA:62,8,1,0
BRDA:74,9,0,0
BRDA:74,9,1,0
BRF:20
BRH:0
end_of_record
TN:
SF:services/bluecc/relationships.js
FN:8,(anonymous_0)
FN:17,(anonymous_1)
FN:35,(anonymous_2)
FN:46,(anonymous_3)
FN:63,(anonymous_4)
FN:66,(anonymous_5)
FN:100,(anonymous_6)
FN:122,(anonymous_7)
FN:130,(anonymous_8)
FN:139,(anonymous_9)
FN:151,(anonymous_10)
FNF:11
FNH:11
FNDA:4,(anonymous_0)
FNDA:7,(anonymous_1)
FNDA:21,(anonymous_2)
FNDA:7,(anonymous_3)
FNDA:5,(anonymous_4)
FNDA:4,(anonymous_5)
FNDA:4,(anonymous_6)
FNDA:2,(anonymous_7)
FNDA:3,(anonymous_8)
FNDA:2,(anonymous_9)
FNDA:2,(anonymous_10)
DA:9,4
DA:10,4
DA:11,4
DA:18,7
DA:19,7
DA:21,7
DA:22,13
DA:24,13
DA:25,3
DA:28,10
DA:29,0
DA:32,10
DA:35,21
DA:36,10
DA:37,9
DA:38,6
DA:43,4
DA:47,7
DA:49,7
DA:50,3
DA:54,4
DA:55,1
DA:59,3
DA:60,3
DA:62,3
DA:63,5
DA:64,3
DA:66,4
DA:67,3
DA:70,2
DA:71,2
DA:72,1
DA:75,1
DA:76,1
DA:87,1
DA:88,1
DA:91,1
DA:92,1
DA:94,1
DA:96,0
DA:101,4
DA:102,4
DA:103,4
DA:104,0
DA:107,4
DA:108,4
DA:110,4
DA:111,8
DA:112,7
DA:116,4
DA:118,0
DA:123,2
DA:124,2
DA:125,2
DA:126,0
DA:129,2
DA:130,3
DA:133,2
DA:135,0
DA:140,2
DA:141,2
DA:142,2
DA:144,2
DA:145,2
DA:146,2
DA:149,2
DA:150,2
DA:151,2
DA:152,2
DA:153,1
DA:154,1
DA:159,2
DA:160,1
DA:164,1
DA:165,1
DA:167,1
DA:168,1
DA:170,1
DA:172,0
LF:79
LH:72
BRDA:24,0,0,3
BRDA:24,0,1,10
BRDA:28,1,0,0
BRDA:28,1,1,10
BRDA:36,2,0,9
BRDA:36,2,1,1
BRDA:36,3,0,10
BRDA:36,3,1,10
BRDA:46,4,0,6
BRDA:49,5,0,3
BRDA:49,5,1,4
BRDA:49,6,0,7
BRDA:49,6,1,6
BRDA:49,6,2,5
BRDA:54,7,0,1
BRDA:54,7,1,3
BRDA:60,8,0,0
BRDA:60,8,1,3
BRDA:64,9,0,0
BRDA:64,9,1,3
BRDA:67,10,0,1
BRDA:67,10,1,2
BRDA:71,11,0,1
BRDA:71,11,1,1
BRDA:87,12,0,1
BRDA:87,12,1,0
BRDA:92,13,0,0
BRDA:92,13,1,1
BRDA:103,14,0,0
BRDA:103,14,1,4
BRDA:111,15,0,7
BRDA:111,15,1,1
BRDA:111,16,0,8
BRDA:111,16,1,7
BRDA:125,17,0,0
BRDA:125,17,1,2
BRDA:130,18,0,3
BRDA:130,18,1,2
BRDA:142,19,0,0
BRDA:142,19,1,2
BRDA:150,20,0,2
BRDA:150,20,1,0
BRDA:152,21,0,1
BRDA:152,21,1,1
BRDA:159,22,0,1
BRDA:159,22,1,1
BRDA:168,23,0,0
BRDA:168,23,1,1
BRF:48
BRH:38
end_of_record
TN:
SF:services/bluecc/tags.js
FN:26,(anonymous_0)
FN:46,(anonymous_1)
FN:57,(anonymous_2)
FN:90,(anonymous_3)
FN:96,(anonymous_4)
FN:103,(anonymous_5)
FN:119,(anonymous_6)
FNF:7
FNH:0
FNDA:0,(anonymous_0)
FNDA:0,(anonymous_1)
FNDA:0,(anonymous_2)
FNDA:0,(anonymous_3)
FNDA:0,(anonymous_4)
FNDA:0,(anonymous_5)
FNDA:0,(anonymous_6)
DA:3,0
DA:27,0
DA:28,0
DA:38,0
DA:40,0
DA:41,0
DA:44,0
DA:46,0
DA:53,0
DA:58,0
DA:59,0
DA:69,0
DA:73,0
DA:74,0
DA:77,0
DA:86,0
DA:91,0
DA:92,0
DA:93,0
DA:95,0
DA:96,0
DA:97,0
DA:98,0
DA:102,0
DA:103,0
DA:104,0
DA:106,0
DA:107,0
DA:108,0
DA:110,0
DA:114,0
DA:115,0
DA:117,0
DA:118,0
DA:119,0
DA:122,0
DA:123,0
DA:126,0
DA:132,0
DA:136,0
DA:138,0
LF:41
LH:0
BRDA:40,0,0,0
BRDA:40,0,1,0
BRDA:70,1,0,0
BRDA:70,1,1,0
BRDA:73,2,0,0
BRDA:73,2,1,0
BRDA:95,3,0,0
BRDA:95,3,1,0
BRDA:97,4,0,0
BRDA:97,4,1,0
BRDA:102,5,0,0
BRDA:102,5,1,0
BRDA:104,6,0,0
BRDA:104,6,1,0
BRDA:107,7,0,0
BRDA:107,7,1,0
BRDA:118,8,0,0
BRDA:118,8,1,0
BRDA:118,9,0,0
BRDA:118,9,1,0
BRDA:118,9,2,0
BRDA:122,10,0,0
BRDA:122,10,1,0
BRF:23
BRH:0
end_of_record
TN:
SF:services/bluecc/tasks.js
FN:7,(anonymous_0)
FN:12,(anonymous_1)
FN:19,(anonymous_2)
FN:20,(anonymous_3)
FN:24,(anonymous_4)
FN:35,(anonymous_5)
FN:80,(anonymous_6)
FN:89,(anonymous_7)
FN:103,(anonymous_8)
FN:125,(anonymous_9)
FN:141,(anonymous_10)
FN:146,(anonymous_11)
FN:153,(anonymous_12)
FN:158,(anonymous_13)
FN:158,(anonymous_14)
FN:168,(anonymous_15)
FN:273,(anonymous_16)
FN:274,(anonymous_17)
FN:381,(anonymous_18)
FN:403,(anonymous_19)
FN:437,(anonymous_20)
FN:452,(anonymous_21)
FN:486,(anonymous_22)
FN:495,(anonymous_23)
FN:508,(anonymous_24)
FN:517,(anonymous_25)
FN:529,(anonymous_26)
FN:543,(anonymous_27)
FN:544,(anonymous_28)
FNF:29
FNH:0
FNDA:0,(anonymous_0)
FNDA:0,(anonymous_1)
FNDA:0,(anonymous_2)
FNDA:0,(anonymous_3)
FNDA:0,(anonymous_4)
FNDA:0,(anonymous_5)
FNDA:0,(anonymous_6)
FNDA:0,(anonymous_7)
FNDA:0,(anonymous_8)
FNDA:0,(anonymous_9)
FNDA:0,(anonymous_10)
FNDA:0,(anonymous_11)
FNDA:0,(anonymous_12)
FNDA:0,(anonymous_13)
FNDA:0,(anonymous_14)
FNDA:0,(anonymous_15)
FNDA:0,(anonymous_16)
FNDA:0,(anonymous_17)
FNDA:0,(anonymous_18)
FNDA:0,(anonymous_19)
FNDA:0,(anonymous_20)
FNDA:0,(anonymous_21)
FNDA:0,(anonymous_22)
FNDA:0,(anonymous_23)
FNDA:0,(anonymous_24)
FNDA:0,(anonymous_25)
FNDA:0,(anonymous_26)
FNDA:0,(anonymous_27)
FNDA:0,(anonymous_28)
DA:8,0
DA:13,0
DA:14,0
DA:17,0
DA:18,0
DA:19,0
DA:21,0
DA:22,0
DA:26,0
DA:27,0
DA:31,0
DA:32,0
DA:36,0
DA:37,0
DA:39,0
DA:68,0
DA:70,0
DA:71,0
DA:75,0
DA:76,0
DA:77,0
DA:80,0
DA:81,0
DA:82,0
DA:85,0
DA:86,0
DA:88,0
DA:89,0
DA:90,0
DA:91,0
DA:92,0
DA:93,0
DA:94,0
DA:96,0
DA:99,0
DA:103,0
DA:104,0
DA:105,0
DA:106,0
DA:107,0
DA:108,0
DA:110,0
DA:113,0
DA:118,0
DA:125,0
DA:140,0
DA:141,0
DA:144,0
DA:145,0
DA:146,0
DA:147,0
DA:152,0
DA:153,0
DA:156,0
DA:157,0
DA:158,0
DA:161,0
DA:163,0
DA:164,0
DA:169,0
DA:170,0
DA:172,0
DA:180,0
DA:200,0
DA:202,0
DA:203,0
DA:204,0
DA:205,0
DA:212,0
DA:213,0
DA:214,0
DA:215,0
DA:222,0
DA:231,0
DA:233,0
DA:234,0
DA:237,0
DA:240,0
DA:241,0
DA:242,0
DA:246,0
DA:268,0
DA:269,0
DA:274,0
DA:275,0
DA:276,0
DA:291,0
DA:293,0
DA:294,0
DA:295,0
DA:297,0
DA:298,0
DA:299,0
DA:301,0
DA:302,0
DA:303,0
DA:305,0
DA:306,0
DA:307,0
DA:312,0
DA:321,0
DA:322,0
DA:323,0
DA:325,0
DA:326,0
DA:328,0
DA:329,0
DA:330,0
DA:331,0
DA:334,0
DA:344,0
DA:345,0
DA:349,0
DA:350,0
DA:351,0
DA:352,0
DA:354,0
DA:355,0
DA:356,0
DA:359,0
DA:362,0
DA:363,0
DA:365,0
DA:366,0
DA:369,0
DA:370,0
DA:372,0
DA:381,0
DA:395,0
DA:397,0
DA:398,0
DA:404,0
DA:405,0
DA:406,0
DA:414,0
DA:416,0
DA:417,0
DA:420,0
DA:422,0
DA:423,0
DA:425,0
DA:426,0
DA:429,0
DA:432,0
DA:433,0
DA:438,0
DA:439,0
DA:441,0
DA:442,0
DA:445,0
DA:447,0
DA:448,0
DA:453,0
DA:454,0
DA:456,0
DA:479,0
DA:481,0
DA:482,0
DA:485,0
DA:487,0
DA:488,0
DA:495,0
DA:508,0
DA:510,0
DA:512,0
DA:513,0
DA:518,0
DA:519,0
DA:520,0
DA:521,0
DA:524,0
DA:526,0
DA:527,0
DA:528,0
DA:529,0
DA:530,0
DA:534,0
DA:535,0
DA:536,0
DA:537,0
DA:540,0
DA:543,0
DA:544,0
DA:548,0
DA:549,0
LF:185
LH:0
BRDA:13,0,0,0
BRDA:13,0,1,0
BRDA:26,1,0,0
BRDA:26,1,1,0
BRDA:35,2,0,0
BRDA:70,3,0,0
BRDA:70,3,1,0
BRDA:75,4,0,0
BRDA:75,4,1,0
BRDA:75,5,0,0
BRDA:75,5,1,0
BRDA:75,5,2,0
BRDA:81,6,0,0
BRDA:81,6,1,0
BRDA:81,7,0,0
BRDA:81,7,1,0
BRDA:88,8,0,0
BRDA:88,8,1,0
BRDA:88,9,0,0
BRDA:88,9,1,0
BRDA:89,10,0,0
BRDA:89,10,1,0
BRDA:90,11,0,0
BRDA:90,11,1,0
BRDA:90,12,0,0
BRDA:90,12,1,0
BRDA:92,13,0,0
BRDA:92,13,1,0
BRDA:93,14,0,0
BRDA:93,14,1,0
BRDA:103,15,0,0
BRDA:103,15,1,0
BRDA:104,16,0,0
BRDA:104,16,1,0
BRDA:104,17,0,0
BRDA:104,17,1,0
BRDA:106,18,0,0
BRDA:106,18,1,0
BRDA:107,19,0,0
BRDA:107,19,1,0
BRDA:122,20,0,0
BRDA:122,20,1,0
BRDA:125,21,0,0
BRDA:125,21,1,0
BRDA:126,22,0,0
BRDA:126,22,1,0
BRDA:133,23,0,0
BRDA:133,23,1,0
BRDA:134,24,0,0
BRDA:134,24,1,0
BRDA:140,25,0,0
BRDA:140,25,1,0
BRDA:144,26,0,0
BRDA:144,26,1,0
BRDA:147,27,0,0
BRDA:147,27,1,0
BRDA:147,28,0,0
BRDA:147,28,1,0
BRDA:148,29,0,0
BRDA:148,29,1,0
BRDA:152,30,0,0
BRDA:152,30,1,0
BRDA:156,31,0,0
BRDA:156,31,1,0
BRDA:202,32,0,0
BRDA:202,32,1,0
BRDA:204,33,0,0
BRDA:204,33,1,0
BRDA:207,34,0,0
BRDA:207,34,1,0
BRDA:212,35,0,0
BRDA:212,35,1,0
BRDA:214,36,0,0
BRDA:214,36,1,0
BRDA:217,37,0,0
BRDA:217,37,1,0
BRDA:226,38,0,0
BRDA:226,38,1,0
BRDA:227,39,0,0
BRDA:227,39,1,0
BRDA:233,40,0,0
BRDA:233,40,1,0
BRDA:240,41,0,0
BRDA:240,41,1,0
BRDA:251,42,0,0
BRDA:251,42,1,0
BRDA:255,43,0,0
BRDA:255,43,1,0
BRDA:258,44,0,0
BRDA:258,44,1,0
BRDA:259,45,0,0
BRDA:259,45,1,0
BRDA:260,46,0,0
BRDA:260,46,1,0
BRDA:261,47,0,0
BRDA:261,47,1,0
BRDA:262,48,0,0
BRDA:262,48,1,0
BRDA:293,49,0,0
BRDA:293,49,1,0
BRDA:294,50,0,0
BRDA:294,50,1,0
BRDA:295,51,0,0
BRDA:295,51,1,0
BRDA:297,52,0,0
BRDA:297,52,1,0
BRDA:301,53,0,0
BRDA:301,53,1,0
BRDA:305,54,0,0
BRDA:305,54,1,0
BRDA:312,55,0,0
BRDA:312,55,1,0
BRDA:312,55,2,0
BRDA:312,55,3,0
BRDA:312,55,4,0
BRDA:312,55,5,0
BRDA:312,55,6,0
BRDA:312,55,7,0
BRDA:321,56,0,0
BRDA:321,56,1,0
BRDA:328,57,0,0
BRDA:328,57,1,0
BRDA:335,58,0,0
BRDA:335,58,1,0
BRDA:336,59,0,0
BRDA:336,59,1,0
BRDA:337,60,0,0
BRDA:337,60,1,0
BRDA:338,61,0,0
BRDA:338,61,1,0
BRDA:339,62,0,0
BRDA:339,62,1,0
BRDA:340,63,0,0
BRDA:340,63,1,0
BRDA:341,64,0,0
BRDA:341,64,1,0
BRDA:344,65,0,0
BRDA:344,65,1,0
BRDA:350,66,0,0
BRDA:350,66,1,0
BRDA:352,67,0,0
BRDA:352,67,1,0
BRDA:354,68,0,0
BRDA:354,68,1,0
BRDA:356,69,0,0
BRDA:356,69,1,0
BRDA:362,70,0,0
BRDA:362,70,1,0
BRDA:365,71,0,0
BRDA:365,71,1,0
BRDA:378,72,0,0
BRDA:378,72,1,0
BRDA:381,73,0,0
BRDA:381,73,1,0
BRDA:385,74,0,0
BRDA:385,74,1,0
BRDA:386,75,0,0
BRDA:386,75,1,0
BRDA:387,76,0,0
BRDA:387,76,1,0
BRDA:388,77,0,0
BRDA:388,77,1,0
BRDA:403,78,0,0
BRDA:405,79,0,0
BRDA:405,79,1,0
BRDA:416,80,0,0
BRDA:416,80,1,0
BRDA:425,81,0,0
BRDA:425,81,1,0
BRDA:441,82,0,0
BRDA:441,82,1,0
BRDA:481,83,0,0
BRDA:481,83,1,0
BRDA:492,84,0,0
BRDA:492,84,1,0
BRDA:495,85,0,0
BRDA:495,85,1,0
BRDA:496,86,0,0
BRDA:496,86,1,0
BRDA:502,87,0,0
BRDA:502,87,1,0
BRDA:503,88,0,0
BRDA:503,88,1,0
BRDA:504,89,0,0
BRDA:504,89,1,0
BRDA:505,90,0,0
BRDA:505,90,1,0
BRDA:517,91,0,0
BRDA:520,92,0,0
BRDA:520,92,1,0
BRDA:526,93,0,0
BRDA:526,93,1,0
BRF:192
BRH:0
end_of_record
TN:
SF:services/bluecc/utils.js
FN:1,parseTaskText
FN:45,buildTaskText
FN:46,(anonymous_2)
FN:60,(anonymous_3)
FNF:4
FNH:4
FNDA:17,parseTaskText
FNDA:12,buildTaskText
FNDA:9,(anonymous_2)
FNDA:63,(anonymous_3)
DA:2,17
DA:3,3
DA:6,14
DA:8,14
DA:9,13
DA:10,13
DA:12,13
DA:13,13
DA:15,13
DA:16,13
DA:17,13
DA:18,13
DA:19,10
DA:32,3
DA:37,3
DA:42,1
DA:46,12
DA:47,3
DA:50,9
DA:60,9
DA:61,63
DA:62,30
DA:66,9
DA:67,9
DA:68,9
DA:69,9
DA:71,0
DA:76,0
LF:28
LH:26
BRDA:2,0,0,3
BRDA:2,0,1,14
BRDA:8,1,0,13
BRDA:8,1,1,1
BRDA:12,2,0,13
BRDA:12,2,1,0
BRDA:15,3,0,13
BRDA:15,3,1,0
BRDA:22,4,0,10
BRDA:22,4,1,0
BRDA:23,5,0,10
BRDA:23,5,1,5
BRDA:24,6,0,10
BRDA:24,6,1,2
BRDA:24,6,2,2
BRDA:25,7,0,10
BRDA:25,7,1,2
BRDA:25,7,2,2
BRDA:26,8,0,10
BRDA:26,8,1,8
BRDA:27,9,0,10
BRDA:27,9,1,10
BRDA:28,10,0,10
BRDA:28,10,1,10
BRDA:46,11,0,3
BRDA:46,11,1,9
BRDA:46,12,0,12
BRDA:46,12,1,10
BRDA:47,13,0,3
BRDA:47,13,1,0
BRDA:53,14,0,9
BRDA:53,14,1,6
BRDA:54,15,0,9
BRDA:54,15,1,5
BRDA:61,16,0,30
BRDA:61,16,1,33
BRDA:61,17,0,63
BRDA:61,17,1,62
BRDA:69,18,0,9
BRDA:69,18,1,1
BRDA:76,19,0,0
BRDA:76,19,1,0
BRF:42
BRH:36
end_of_record
